# JRE version: OpenJDK Runtime Environment (8.0_242-b01) (build 1.8.0_242-release-1644-b01)
# Java VM: OpenJDK 64-Bit Server VM (25.242-b01 mixed mode windows-amd64 compressed oops)
Heap:
 PSYoungGen      total 387584K, used 194981K [0x00000000d5580000, 0x00000000efa00000, 0x0000000100000000)
  eden space 365056K, 51% used [0x00000000d5580000,0x00000000e0e196b0,0x00000000eba00000)
  from space 22528K, 26% used [0x00000000ee400000,0x00000000ee9cfe98,0x00000000efa00000)
  to   space 32768K, 0% used [0x00000000eba00000,0x00000000eba00000,0x00000000eda00000)
 ParOldGen       total 302592K, used 73332K [0x0000000080000000, 0x0000000092780000, 0x00000000d5580000)
  object space 302592K, 24% used [0x0000000080000000,0x000000008479d138,0x0000000092780000)
 Metaspace       used 96920K, capacity 102852K, committed 102872K, reserved 1138688K
  class space    used 12675K, capacity 13812K, committed 13824K, reserved 1048576K
GC Heap History (10 events):
Event: 16.686 GC heap before
{Heap before GC invocations=16 (full 3):
 PSYoungGen      total 300032K, used 296189K [0x00000000d5580000, 0x00000000e9580000, 0x0000000100000000)
  eden space 276480K, 100% used [0x00000000d5580000,0x00000000e6380000,0x00000000e6380000)
  from space 23552K, 83% used [0x00000000e7e00000,0x00000000e913f5d8,0x00000000e9500000)
  to   space 25600K, 0% used [0x00000000e6380000,0x00000000e6380000,0x00000000e7c80000)
 ParOldGen       total 208896K, used 65717K [0x0000000080000000, 0x000000008cc00000, 0x00000000d5580000)
  object space 208896K, 31% used [0x0000000080000000,0x000000008402d7f8,0x000000008cc00000)
 Metaspace       used 88266K, capacity 93272K, committed 93400K, reserved 1130496K
  class space    used 12038K, capacity 13044K, committed 13056K, reserved 1048576K
Event: 16.707 GC heap after
Heap after GC invocations=16 (full 3):
 PSYoungGen      total 302080K, used 25569K [0x00000000d5580000, 0x00000000ed300000, 0x0000000100000000)
  eden space 276480K, 0% used [0x00000000d5580000,0x00000000d5580000,0x00000000e6380000)
  from space 25600K, 99% used [0x00000000e6380000,0x00000000e7c78658,0x00000000e7c80000)
  to   space 29696K, 0% used [0x00000000eb600000,0x00000000eb600000,0x00000000ed300000)
 ParOldGen       total 208896K, used 68185K [0x0000000080000000, 0x000000008cc00000, 0x00000000d5580000)
  object space 208896K, 32% used [0x0000000080000000,0x00000000842965f8,0x000000008cc00000)
 Metaspace       used 88266K, capacity 93272K, committed 93400K, reserved 1130496K
  class space    used 12038K, capacity 13044K, committed 13056K, reserved 1048576K
}
Event: 238.363 GC heap before
{Heap before GC invocations=17 (full 3):
 PSYoungGen      total 302080K, used 173722K [0x00000000d5580000, 0x00000000ed300000, 0x0000000100000000)
  eden space 276480K, 53% used [0x00000000d5580000,0x00000000de62e220,0x00000000e6380000)
  from space 25600K, 99% used [0x00000000e6380000,0x00000000e7c78658,0x00000000e7c80000)
  to   space 29696K, 0% used [0x00000000eb600000,0x00000000eb600000,0x00000000ed300000)
 ParOldGen       total 208896K, used 68185K [0x0000000080000000, 0x000000008cc00000, 0x00000000d5580000)
  object space 208896K, 32% used [0x0000000080000000,0x00000000842965f8,0x000000008cc00000)
 Metaspace       used 92987K, capacity 98234K, committed 98380K, reserved 1134592K
  class space    used 12427K, capacity 13471K, committed 13568K, reserved 1048576K
Event: 238.393 GC heap after
Heap after GC invocations=17 (full 3):
 PSYoungGen      total 338432K, used 13420K [0x00000000d5580000, 0x00000000ec680000, 0x0000000100000000)
  eden space 321536K, 0% used [0x00000000d5580000,0x00000000d5580000,0x00000000e8f80000)
  from space 16896K, 79% used [0x00000000eb600000,0x00000000ec31b310,0x00000000ec680000)
  to   space 28160K, 0% used [0x00000000e8f80000,0x00000000e8f80000,0x00000000eab00000)
 ParOldGen       total 208896K, used 85058K [0x0000000080000000, 0x000000008cc00000, 0x00000000d5580000)
  object space 208896K, 40% used [0x0000000080000000,0x0000000085310930,0x000000008cc00000)
 Metaspace       used 92987K, capacity 98234K, committed 98380K, reserved 1134592K
  class space    used 12427K, capacity 13471K, committed 13568K, reserved 1048576K
}
Event: 238.393 GC heap before
{Heap before GC invocations=18 (full 4):
 PSYoungGen      total 338432K, used 13420K [0x00000000d5580000, 0x00000000ec680000, 0x0000000100000000)
  eden space 321536K, 0% used [0x00000000d5580000,0x00000000d5580000,0x00000000e8f80000)
  from space 16896K, 79% used [0x00000000eb600000,0x00000000ec31b310,0x00000000ec680000)
  to   space 28160K, 0% used [0x00000000e8f80000,0x00000000e8f80000,0x00000000eab00000)
 ParOldGen       total 208896K, used 85058K [0x0000000080000000, 0x000000008cc00000, 0x00000000d5580000)
  object space 208896K, 40% used [0x0000000080000000,0x0000000085310930,0x000000008cc00000)
 Metaspace       used 92987K, capacity 98234K, committed 98380K, reserved 1134592K
  class space    used 12427K, capacity 13471K, committed 13568K, reserved 1048576K
Event: 238.611 GC heap after
Heap after GC invocations=18 (full 4):
 PSYoungGen      total 338432K, used 0K [0x00000000d5580000, 0x00000000ec680000, 0x0000000100000000)
  eden space 321536K, 0% used [0x00000000d5580000,0x00000000d5580000,0x00000000e8f80000)
  from space 16896K, 0% used [0x00000000eb600000,0x00000000eb600000,0x00000000ec680000)
  to   space 28160K, 0% used [0x00000000e8f80000,0x00000000e8f80000,0x00000000eab00000)
 ParOldGen       total 302592K, used 66252K [0x0000000080000000, 0x0000000092780000, 0x00000000d5580000)
  object space 302592K, 21% used [0x0000000080000000,0x00000000840b3088,0x0000000092780000)
 Metaspace       used 92580K, capacity 97252K, committed 98380K, reserved 1134592K
  class space    used 12282K, capacity 13210K, committed 13568K, reserved 1048576K
}
Event: 255.625 GC heap before
{Heap before GC invocations=19 (full 4):
 PSYoungGen      total 338432K, used 321536K [0x00000000d5580000, 0x00000000ec680000, 0x0000000100000000)
  eden space 321536K, 100% used [0x00000000d5580000,0x00000000e8f80000,0x00000000e8f80000)
  from space 16896K, 0% used [0x00000000eb600000,0x00000000eb600000,0x00000000ec680000)
  to   space 28160K, 0% used [0x00000000e8f80000,0x00000000e8f80000,0x00000000eab00000)
 ParOldGen       total 302592K, used 66252K [0x0000000080000000, 0x0000000092780000, 0x00000000d5580000)
  object space 302592K, 21% used [0x0000000080000000,0x00000000840b3088,0x0000000092780000)
 Metaspace       used 94411K, capacity 99344K, committed 100184K, reserved 1136640K
  class space    used 12415K, capacity 13406K, committed 13696K, reserved 1048576K
Event: 255.653 GC heap after
Heap after GC invocations=19 (full 4):
 PSYoungGen      total 349696K, used 28139K [0x00000000d5580000, 0x00000000f0400000, 0x0000000100000000)
  eden space 321536K, 0% used [0x00000000d5580000,0x00000000d5580000,0x00000000e8f80000)
  from space 28160K, 99% used [0x00000000e8f80000,0x00000000eaafada0,0x00000000eab00000)
  to   space 32768K, 0% used [0x00000000ee400000,0x00000000ee400000,0x00000000f0400000)
 ParOldGen       total 302592K, used 68034K [0x0000000080000000, 0x0000000092780000, 0x00000000d5580000)
  object space 302592K, 22% used [0x0000000080000000,0x0000000084270950,0x0000000092780000)
 Metaspace       used 94411K, capacity 99344K, committed 100184K, reserved 1136640K
  class space    used 12415K, capacity 13406K, committed 13696K, reserved 1048576K
}
Event: 289.587 GC heap before
{Heap before GC invocations=20 (full 4):
 PSYoungGen      total 349696K, used 349675K [0x00000000d5580000, 0x00000000f0400000, 0x0000000100000000)
  eden space 321536K, 100% used [0x00000000d5580000,0x00000000e8f80000,0x00000000e8f80000)
  from space 28160K, 99% used [0x00000000e8f80000,0x00000000eaafada0,0x00000000eab00000)
  to   space 32768K, 0% used [0x00000000ee400000,0x00000000ee400000,0x00000000f0400000)
 ParOldGen       total 302592K, used 68034K [0x0000000080000000, 0x0000000092780000, 0x00000000d5580000)
  object space 302592K, 22% used [0x0000000080000000,0x0000000084270950,0x0000000092780000)
 Metaspace       used 96563K, capacity 102292K, committed 102360K, reserved 1138688K
  class space    used 12648K, capacity 13764K, committed 13824K, reserved 1048576K
Event: 289.598 GC heap after
Heap after GC invocations=20 (full 4):
 PSYoungGen      total 387584K, used 5951K [0x00000000d5580000, 0x00000000efa00000, 0x0000000100000000)
  eden space 365056K, 0% used [0x00000000d5580000,0x00000000d5580000,0x00000000eba00000)
  from space 22528K, 26% used [0x00000000ee400000,0x00000000ee9cfe98,0x00000000efa00000)
  to   space 32768K, 0% used [0x00000000eba00000,0x00000000eba00000,0x00000000eda00000)
 ParOldGen       total 302592K, used 73332K [0x0000000080000000, 0x0000000092780000, 0x00000000d5580000)
  object space 302592K, 24% used [0x0000000080000000,0x000000008479d138,0x0000000092780000)
 Metaspace       used 96563K, capacity 102292K, committed 102360K, reserved 1138688K
  class space    used 12648K, capacity 13764K, committed 13824K, reserved 1048576K
}

