# JRE version: OpenJDK Runtime Environment (8.0_242-b01) (build 1.8.0_242-release-1644-b01)
# Java VM: OpenJDK 64-Bit Server VM (25.242-b01 mixed mode windows-amd64 compressed oops)
Heap:
 PSYoungGen      total 350720K, used 69227K [0x00000000d5580000, 0x00000000f0000000, 0x0000000100000000)
  eden space 318976K, 14% used [0x00000000d5580000,0x00000000d82d8e98,0x00000000e8d00000)
  from space 31744K, 71% used [0x00000000e8d00000,0x00000000ea341e68,0x00000000eac00000)
  to   space 32768K, 0% used [0x00000000ee000000,0x00000000ee000000,0x00000000f0000000)
 ParOldGen       total 312832K, used 74917K [0x0000000080000000, 0x0000000093180000, 0x00000000d5580000)
  object space 312832K, 23% used [0x0000000080000000,0x00000000849295e8,0x0000000093180000)
 Metaspace       used 95438K, capacity 100368K, committed 101080K, reserved 1136640K
  class space    used 12569K, capacity 13584K, committed 13824K, reserved 1048576K
GC Heap History (10 events):
Event: 18.333 GC heap before
{Heap before GC invocations=15 (full 3):
 PSYoungGen      total 242176K, used 242157K [0x00000000d5580000, 0x00000000e9480000, 0x0000000100000000)
  eden space 220672K, 100% used [0x00000000d5580000,0x00000000e2d00000,0x00000000e2d00000)
  from space 21504K, 99% used [0x00000000e2d00000,0x00000000e41fb628,0x00000000e4200000)
  to   space 27648K, 0% used [0x00000000e7980000,0x00000000e7980000,0x00000000e9480000)
 ParOldGen       total 208384K, used 55266K [0x0000000080000000, 0x000000008cb80000, 0x00000000d5580000)
  object space 208384K, 26% used [0x0000000080000000,0x00000000835f8a80,0x000000008cb80000)
 Metaspace       used 71231K, capacity 74702K, committed 74840K, reserved 1114112K
  class space    used 9777K, capacity 10514K, committed 10624K, reserved 1048576K
Event: 18.365 GC heap after
Heap after GC invocations=15 (full 3):
 PSYoungGen      total 294912K, used 17507K [0x00000000d5580000, 0x00000000e9280000, 0x0000000100000000)
  eden space 269312K, 0% used [0x00000000d5580000,0x00000000d5580000,0x00000000e5c80000)
  from space 25600K, 68% used [0x00000000e7980000,0x00000000e8a98f78,0x00000000e9280000)
  to   space 27648K, 0% used [0x00000000e5c80000,0x00000000e5c80000,0x00000000e7780000)
 ParOldGen       total 208384K, used 74896K [0x0000000080000000, 0x000000008cb80000, 0x00000000d5580000)
  object space 208384K, 35% used [0x0000000080000000,0x00000000849240e0,0x000000008cb80000)
 Metaspace       used 71231K, capacity 74702K, committed 74840K, reserved 1114112K
  class space    used 9777K, capacity 10514K, committed 10624K, reserved 1048576K
}
Event: 24.463 GC heap before
{Heap before GC invocations=16 (full 3):
 PSYoungGen      total 294912K, used 286819K [0x00000000d5580000, 0x00000000e9280000, 0x0000000100000000)
  eden space 269312K, 100% used [0x00000000d5580000,0x00000000e5c80000,0x00000000e5c80000)
  from space 25600K, 68% used [0x00000000e7980000,0x00000000e8a98f78,0x00000000e9280000)
  to   space 27648K, 0% used [0x00000000e5c80000,0x00000000e5c80000,0x00000000e7780000)
 ParOldGen       total 208384K, used 74896K [0x0000000080000000, 0x000000008cb80000, 0x00000000d5580000)
  object space 208384K, 35% used [0x0000000080000000,0x00000000849240e0,0x000000008cb80000)
 Metaspace       used 80774K, capacity 84604K, committed 84824K, reserved 1122304K
  class space    used 10852K, capacity 11638K, committed 11648K, reserved 1048576K
Event: 24.508 GC heap after
Heap after GC invocations=16 (full 3):
 PSYoungGen      total 296960K, used 27629K [0x00000000d5580000, 0x00000000ed080000, 0x0000000100000000)
  eden space 269312K, 0% used [0x00000000d5580000,0x00000000d5580000,0x00000000e5c80000)
  from space 27648K, 99% used [0x00000000e5c80000,0x00000000e777b7b0,0x00000000e7780000)
  to   space 32256K, 0% used [0x00000000eb100000,0x00000000eb100000,0x00000000ed080000)
 ParOldGen       total 208384K, used 77578K [0x0000000080000000, 0x000000008cb80000, 0x00000000d5580000)
  object space 208384K, 37% used [0x0000000080000000,0x0000000084bc2b38,0x000000008cb80000)
 Metaspace       used 80774K, capacity 84604K, committed 84824K, reserved 1122304K
  class space    used 10852K, capacity 11638K, committed 11648K, reserved 1048576K
}
Event: 28.547 GC heap before
{Heap before GC invocations=17 (full 3):
 PSYoungGen      total 296960K, used 253689K [0x00000000d5580000, 0x00000000ed080000, 0x0000000100000000)
  eden space 269312K, 83% used [0x00000000d5580000,0x00000000e3242e58,0x00000000e5c80000)
  from space 27648K, 99% used [0x00000000e5c80000,0x00000000e777b7b0,0x00000000e7780000)
  to   space 32256K, 0% used [0x00000000eb100000,0x00000000eb100000,0x00000000ed080000)
 ParOldGen       total 208384K, used 77578K [0x0000000080000000, 0x000000008cb80000, 0x00000000d5580000)
  object space 208384K, 37% used [0x0000000080000000,0x0000000084bc2b38,0x000000008cb80000)
 Metaspace       used 92917K, capacity 98140K, committed 98264K, reserved 1134592K
  class space    used 12503K, capacity 13564K, committed 13568K, reserved 1048576K
Event: 28.572 GC heap after
Heap after GC invocations=17 (full 3):
 PSYoungGen      total 345600K, used 9846K [0x00000000d5580000, 0x00000000ecb00000, 0x0000000100000000)
  eden space 318976K, 0% used [0x00000000d5580000,0x00000000d5580000,0x00000000e8d00000)
  from space 26624K, 36% used [0x00000000eb100000,0x00000000eba9d9d8,0x00000000ecb00000)
  to   space 31744K, 0% used [0x00000000e8d00000,0x00000000e8d00000,0x00000000eac00000)
 ParOldGen       total 208384K, used 99481K [0x0000000080000000, 0x000000008cb80000, 0x00000000d5580000)
  object space 208384K, 47% used [0x0000000080000000,0x00000000861267e0,0x000000008cb80000)
 Metaspace       used 92917K, capacity 98140K, committed 98264K, reserved 1134592K
  class space    used 12503K, capacity 13564K, committed 13568K, reserved 1048576K
}
Event: 28.572 GC heap before
{Heap before GC invocations=18 (full 4):
 PSYoungGen      total 345600K, used 9846K [0x00000000d5580000, 0x00000000ecb00000, 0x0000000100000000)
  eden space 318976K, 0% used [0x00000000d5580000,0x00000000d5580000,0x00000000e8d00000)
  from space 26624K, 36% used [0x00000000eb100000,0x00000000eba9d9d8,0x00000000ecb00000)
  to   space 31744K, 0% used [0x00000000e8d00000,0x00000000e8d00000,0x00000000eac00000)
 ParOldGen       total 208384K, used 99481K [0x0000000080000000, 0x000000008cb80000, 0x00000000d5580000)
  object space 208384K, 47% used [0x0000000080000000,0x00000000861267e0,0x000000008cb80000)
 Metaspace       used 92917K, capacity 98140K, committed 98264K, reserved 1134592K
  class space    used 12503K, capacity 13564K, committed 13568K, reserved 1048576K
Event: 28.800 GC heap after
Heap after GC invocations=18 (full 4):
 PSYoungGen      total 345600K, used 0K [0x00000000d5580000, 0x00000000ecb00000, 0x0000000100000000)
  eden space 318976K, 0% used [0x00000000d5580000,0x00000000d5580000,0x00000000e8d00000)
  from space 26624K, 0% used [0x00000000eb100000,0x00000000eb100000,0x00000000ecb00000)
  to   space 31744K, 0% used [0x00000000e8d00000,0x00000000e8d00000,0x00000000eac00000)
 ParOldGen       total 312832K, used 74909K [0x0000000080000000, 0x0000000093180000, 0x00000000d5580000)
  object space 312832K, 23% used [0x0000000080000000,0x00000000849275e8,0x0000000093180000)
 Metaspace       used 92574K, capacity 97276K, committed 98264K, reserved 1134592K
  class space    used 12381K, capacity 13348K, committed 13568K, reserved 1048576K
}
Event: 318.770 GC heap before
{Heap before GC invocations=19 (full 4):
 PSYoungGen      total 345600K, used 318976K [0x00000000d5580000, 0x00000000ecb00000, 0x0000000100000000)
  eden space 318976K, 100% used [0x00000000d5580000,0x00000000e8d00000,0x00000000e8d00000)
  from space 26624K, 0% used [0x00000000eb100000,0x00000000eb100000,0x00000000ecb00000)
  to   space 31744K, 0% used [0x00000000e8d00000,0x00000000e8d00000,0x00000000eac00000)
 ParOldGen       total 312832K, used 74909K [0x0000000080000000, 0x0000000093180000, 0x00000000d5580000)
  object space 312832K, 23% used [0x0000000080000000,0x00000000849275e8,0x0000000093180000)
 Metaspace       used 95381K, capacity 100322K, committed 101080K, reserved 1136640K
  class space    used 12565K, capacity 13577K, committed 13824K, reserved 1048576K
Event: 318.799 GC heap after
Heap after GC invocations=19 (full 4):
 PSYoungGen      total 350720K, used 22791K [0x00000000d5580000, 0x00000000f0000000, 0x0000000100000000)
  eden space 318976K, 0% used [0x00000000d5580000,0x00000000d5580000,0x00000000e8d00000)
  from space 31744K, 71% used [0x00000000e8d00000,0x00000000ea341e68,0x00000000eac00000)
  to   space 32768K, 0% used [0x00000000ee000000,0x00000000ee000000,0x00000000f0000000)
 ParOldGen       total 312832K, used 74917K [0x0000000080000000, 0x0000000093180000, 0x00000000d5580000)
  object space 312832K, 23% used [0x0000000080000000,0x00000000849295e8,0x0000000093180000)
 Metaspace       used 95381K, capacity 100322K, committed 101080K, reserved 1136640K
  class space    used 12565K, capacity 13577K, committed 13824K, reserved 1048576K
}

